  main.cpp
C:\Users\kaleb\Desktop\Code\Final-Project\main.cpp(87,54): warning C4244: '=': conversion from 'const _Tp' to '_Tp', possible loss of data
          with
          [
              _Tp=double
          ]
          and
          [
              _Tp=uchar
          ]
C:\Users\kaleb\Desktop\Code\Final-Project\main.cpp(88,54): warning C4244: '=': conversion from 'const _Tp' to '_Tp', possible loss of data
          with
          [
              _Tp=double
          ]
          and
          [
              _Tp=uchar
          ]
C:\Users\kaleb\Desktop\Code\Final-Project\main.cpp(89,54): warning C4244: '=': conversion from 'const _Tp' to '_Tp', possible loss of data
          with
          [
              _Tp=double
          ]
          and
          [
              _Tp=uchar
          ]
C:\Users\kaleb\Desktop\Code\Final-Project\main.cpp(244): warning C4715: 'testHandDetection': not all control paths return a value
  Final Project.vcxproj -> C:\Users\kaleb\Desktop\Code\Final-Project\x64\Debug\Final Project.exe
